<?xml version="1.0" encoding="UTF-8"?>
<!-- Generated by org.testng.reporters.JUnitReportReporter -->
<testsuite skipped="0" hostname="ADMINRG-IERDROD" name="PDFRead" tests="1" failures="0" timestamp="30 Nov 2018 07:42:57 GMT" time="40.162" errors="0">
  <testcase name="readPDFTest" time="40.162" classname="PDFRead"/>
</testsuite> <!-- PDFRead -->
